<?xml version="1.0" encoding="UTF-8"?>
<!-- Generated by org.testng.reporters.JUnitXMLReporter -->
<testsuite hostname="LAPTOP-NG5KOHOP" ignored="0" name="Test" tests="5" failures="0" timestamp="28 Mar 2019 12:12:50 GMT" time="0.623" errors="0">
  <testcase name="@BeforeMethod preConfig" time="0.568" classname="tekSys.PreparationForTest">
    <failure type="java.lang.IllegalStateException" message="The driver executable does not exist: C:\Users\Deepak\Documents\GitHub\WeatherForecast_Automation_Sadhana\com.TekSys\..\..\.\Wipro\com.TekSys\src\main\resources\chromedriver.exe">
      <![CDATA[java.lang.IllegalStateException: The driver executable does not exist: C:\Users\Deepak\Documents\GitHub\WeatherForecast_Automation_Sadhana\com.TekSys\..\..\.\Wipro\com.TekSys\src\main\resources\chromedriver.exe
at com.google.common.base.Preconditions.checkState(Preconditions.java:585)
at org.openqa.selenium.remote.service.DriverService.checkExecutable(DriverService.java:146)
at org.openqa.selenium.remote.service.DriverService.findExecutable(DriverService.java:141)
at org.openqa.selenium.chrome.ChromeDriverService.access$000(ChromeDriverService.java:35)
at org.openqa.selenium.chrome.ChromeDriverService$Builder.findDefaultExecutable(ChromeDriverService.java:159)
at org.openqa.selenium.remote.service.DriverService$Builder.build(DriverService.java:355)
at org.openqa.selenium.chrome.ChromeDriverService.createDefaultService(ChromeDriverService.java:94)
at org.openqa.selenium.chrome.ChromeDriver.<init>(ChromeDriver.java:123)
at Browser.LaunchApplication.launchBrowser(LaunchApplication.java:28)
at tekSys.PreparationForTest.preConfig(PreparationForTest.java:24)
... Removed 28 stack frames]]>
    </failure>
  </testcase> <!-- @BeforeMethod preConfig -->
  <testcase name="@AfterMethod closeAllBrowsers" time="0.0" classname="tekSys.PreparationForTest">
    <skipped/>
  </testcase> <!-- @AfterMethod closeAllBrowsers -->
  <testcase name="@BeforeMethod preConfig" time="0.0" classname="tekSys.PreparationForTest">
    <skipped/>
  </testcase> <!-- @BeforeMethod preConfig -->
  <testcase name="@AfterMethod closeAllBrowsers" time="0.0" classname="tekSys.PreparationForTest">
    <skipped/>
  </testcase> <!-- @AfterMethod closeAllBrowsers -->
  <testcase name="@BeforeMethod preConfig" time="0.0" classname="tekSys.PreparationForTest">
    <skipped/>
  </testcase> <!-- @BeforeMethod preConfig -->
  <testcase name="@AfterMethod closeAllBrowsers" time="0.0" classname="tekSys.PreparationForTest">
    <skipped/>
  </testcase> <!-- @AfterMethod closeAllBrowsers -->
  <testcase name="@BeforeMethod preConfig" time="0.0" classname="tekSys.PreparationForTest">
    <skipped/>
  </testcase> <!-- @BeforeMethod preConfig -->
  <testcase name="@AfterMethod closeAllBrowsers" time="0.0" classname="tekSys.PreparationForTest">
    <skipped/>
  </testcase> <!-- @AfterMethod closeAllBrowsers -->
  <testcase name="@BeforeMethod preConfig" time="0.0" classname="tekSys.PreparationForTest">
    <skipped/>
  </testcase> <!-- @BeforeMethod preConfig -->
  <testcase name="@AfterMethod closeAllBrowsers" time="0.0" classname="tekSys.PreparationForTest">
    <skipped/>
  </testcase> <!-- @AfterMethod closeAllBrowsers -->
  <testcase name="TS001" time="0.0" classname="tekSys.TestScenariosForCity">
    <skipped/>
  </testcase> <!-- TS001 -->
  <testcase name="TS002" time="0.0" classname="tekSys.TestScenariosForCity">
    <skipped/>
  </testcase> <!-- TS002 -->
  <testcase name="TS003" time="0.0" classname="tekSys.TestScenariosForCity">
    <skipped/>
  </testcase> <!-- TS003 -->
  <testcase name="TS004" time="0.0" classname="tekSys.TestScenariosForCity">
    <skipped/>
  </testcase> <!-- TS004 -->
  <testcase name="TS005" time="0.0" classname="tekSys.TestScenariosForCity">
    <skipped/>
  </testcase> <!-- TS005 -->
</testsuite> <!-- Test -->
